{"/Users/mariano/Documents/Isdi-bootcamp/week2/day2-3/equals.js": {"path":"/Users/mariano/Documents/Isdi-bootcamp/week2/day2-3/equals.js","statementMap":{"0":{"start":{"line":1,"column":28},"end":{"line":5,"column":1}},"1":{"start":{"line":2,"column":2},"end":{"line":2,"column":38}},"2":{"start":{"line":2,"column":25},"end":{"line":2,"column":38}},"3":{"start":{"line":3,"column":2},"end":{"line":3,"column":28}},"4":{"start":{"line":3,"column":16},"end":{"line":3,"column":28}},"5":{"start":{"line":4,"column":2},"end":{"line":4,"column":25}}},"fnMap":{"0":{"name":"(anonymous_0)","decl":{"start":{"line":1,"column":28},"end":{"line":1,"column":29}},"loc":{"start":{"line":1,"column":38},"end":{"line":5,"column":1}},"line":1}},"branchMap":{"0":{"loc":{"start":{"line":2,"column":2},"end":{"line":2,"column":38}},"type":"if","locations":[{"start":{"line":2,"column":2},"end":{"line":2,"column":38}},{"start":{},"end":{}}],"line":2},"1":{"loc":{"start":{"line":3,"column":2},"end":{"line":3,"column":28}},"type":"if","locations":[{"start":{"line":3,"column":2},"end":{"line":3,"column":28}},{"start":{},"end":{}}],"line":3},"2":{"loc":{"start":{"line":3,"column":6},"end":{"line":3,"column":14}},"type":"binary-expr","locations":[{"start":{"line":3,"column":6},"end":{"line":3,"column":8}},{"start":{"line":3,"column":12},"end":{"line":3,"column":14}}],"line":3}},"s":{"0":1,"1":17,"2":2,"3":15,"4":7,"5":8},"f":{"0":17},"b":{"0":[2,15],"1":[7,8],"2":[15,9]},"_coverageSchema":"1a1c01bbd47fc00a2c39e90264f33305004495a9","hash":"1973c77d3a8fb3ab65a158bd821de9a622496ce9"}
,"/Users/mariano/Documents/Isdi-bootcamp/week2/day2-3/factorial.js": {"path":"/Users/mariano/Documents/Isdi-bootcamp/week2/day2-3/factorial.js","statementMap":{"0":{"start":{"line":1,"column":25},"end":{"line":6,"column":1}},"1":{"start":{"line":2,"column":2},"end":{"line":3,"column":72}},"2":{"start":{"line":3,"column":4},"end":{"line":3,"column":72}},"3":{"start":{"line":4,"column":2},"end":{"line":4,"column":24}},"4":{"start":{"line":4,"column":15},"end":{"line":4,"column":24}},"5":{"start":{"line":5,"column":2},"end":{"line":5,"column":30}}},"fnMap":{"0":{"name":"(anonymous_0)","decl":{"start":{"line":1,"column":25},"end":{"line":1,"column":26}},"loc":{"start":{"line":1,"column":32},"end":{"line":6,"column":1}},"line":1}},"branchMap":{"0":{"loc":{"start":{"line":2,"column":2},"end":{"line":3,"column":72}},"type":"if","locations":[{"start":{"line":2,"column":2},"end":{"line":3,"column":72}},{"start":{},"end":{}}],"line":2},"1":{"loc":{"start":{"line":4,"column":2},"end":{"line":4,"column":24}},"type":"if","locations":[{"start":{"line":4,"column":2},"end":{"line":4,"column":24}},{"start":{},"end":{}}],"line":4}},"s":{"0":1,"1":11,"2":1,"3":10,"4":4,"5":6},"f":{"0":11},"b":{"0":[1,10],"1":[4,6]},"_coverageSchema":"1a1c01bbd47fc00a2c39e90264f33305004495a9","hash":"6a5ef104866c0792e0650deae9ddaad8fb699a07"}
,"/Users/mariano/Documents/Isdi-bootcamp/week2/day2-3/sample.js": {"path":"/Users/mariano/Documents/Isdi-bootcamp/week2/day2-3/sample.js","statementMap":{"0":{"start":{"line":2,"column":2},"end":{"line":2,"column":15}}},"fnMap":{"0":{"name":"add","decl":{"start":{"line":1,"column":16},"end":{"line":1,"column":19}},"loc":{"start":{"line":1,"column":26},"end":{"line":3,"column":1}},"line":1}},"branchMap":{},"s":{"0":1},"f":{"0":1},"b":{},"_coverageSchema":"1a1c01bbd47fc00a2c39e90264f33305004495a9","hash":"cd517805372c90e0028763e281179086123b1fca"}
,"/Users/mariano/Documents/Isdi-bootcamp/week2/day2-3/test.Cases.js": {"path":"/Users/mariano/Documents/Isdi-bootcamp/week2/day2-3/test.Cases.js","statementMap":{"0":{"start":{"line":1,"column":25},"end":{"line":28,"column":1}}},"fnMap":{},"branchMap":{},"s":{"0":1},"f":{},"b":{},"_coverageSchema":"1a1c01bbd47fc00a2c39e90264f33305004495a9","hash":"053a7d1845bcb3de5eb6bc04b712dead0d3dd381"}
}
