TN:
SF:day2-3/equals.js
FN:1,(anonymous_0)
FNF:1
FNH:1
FNDA:17,(anonymous_0)
DA:1,1
DA:2,17
DA:3,15
DA:4,8
LF:4
LH:4
BRDA:2,0,0,2
BRDA:2,0,1,15
BRDA:3,1,0,7
BRDA:3,1,1,8
BRDA:3,2,0,15
BRDA:3,2,1,9
BRF:6
BRH:6
end_of_record
TN:
SF:day2-3/factorial.js
FN:1,(anonymous_0)
FNF:1
FNH:1
FNDA:11,(anonymous_0)
DA:1,1
DA:2,11
DA:3,1
DA:4,10
DA:5,6
LF:5
LH:5
BRDA:2,0,0,1
BRDA:2,0,1,10
BRDA:4,1,0,4
BRDA:4,1,1,6
BRF:4
BRH:4
end_of_record
TN:
SF:day2-3/sample.js
FN:1,add
FNF:1
FNH:1
FNDA:1,add
DA:2,1
LF:1
LH:1
BRF:0
BRH:0
end_of_record
TN:
SF:day2-3/test.Cases.js
FNF:0
FNH:0
DA:1,1
LF:1
LH:1
BRF:0
BRH:0
end_of_record
